<?xml version="1.0" encoding="UTF-8"?>
<!-- Generated by org.testng.reporters.JUnitXMLReporter -->
<testsuite ignored="0" hostname="DESKTOP-1L4S8NM" failures="0" tests="7" name="Default test" time="58.464" errors="0" timestamp="2021-09-08T15:36:30 IST">
  <testcase classname="com.seleniumtest1.seleniumtest1.NewTest" name="f" time="0.02"/>
  <testcase classname="com.seleniumtest1.seleniumtest1.amazondemo" name="testJbkTitle" time="9.453"/>
  <testcase classname="com.seleniumtest1.seleniumtest1.amazondemo" name="testJbkTitleInvalid" time="0.903"/>
  <testcase classname="com.seleniumtest1.seleniumtest1.amazondemo" name="testJbkTitlesubmit" time="11.78"/>
  <testcase classname="com.seleniumtest1.seleniumtest1.amazondemo" name="testJbkTitlecheck" time="0.648"/>
  <testcase classname="com.seleniumtest1.seleniumtest1.amazondemo" name="testJbkTitlescroll" time="10.554"/>
  <testcase classname="com.seleniumtest1.seleniumtest1.googledemo" name="testJbkTitle" time="12.072"/>
</testsuite> <!-- Default test -->
