<?xml version="1.0" encoding="UTF-8"?>
<testng-results ignored="0" total="7" passed="7" failed="0" skipped="0">
  <reporter-output>
  </reporter-output>
  <suite started-at="2021-09-08T15:35:31 IST" name="Default suite" finished-at="2021-09-08T15:36:30 IST" duration-ms="58464">
    <groups>
    </groups>
    <test started-at="2021-09-08T15:35:31 IST" name="Default test" finished-at="2021-09-08T15:36:30 IST" duration-ms="58464">
      <class name="com.seleniumtest1.seleniumtest1.NewTest">
        <test-method is-config="true" signature="beforeTest()[pri:0, instance:com.seleniumtest1.seleniumtest1.NewTest@dd4aec3]" started-at="2021-09-08T15:35:31 IST" name="beforeTest" finished-at="2021-09-08T15:35:31 IST" duration-ms="32" status="PASS">
          <reporter-output>
          </reporter-output>
        </test-method> <!-- beforeTest -->
        <test-method signature="f()[pri:0, instance:com.seleniumtest1.seleniumtest1.NewTest@dd4aec3]" started-at="2021-09-08T15:35:39 IST" name="f" finished-at="2021-09-08T15:35:39 IST" duration-ms="20" status="PASS">
          <reporter-output>
          </reporter-output>
        </test-method> <!-- f -->
        <test-method is-config="true" signature="afterTest()[pri:0, instance:com.seleniumtest1.seleniumtest1.NewTest@dd4aec3]" started-at="2021-09-08T15:36:24 IST" name="afterTest" finished-at="2021-09-08T15:36:24 IST" duration-ms="0" status="PASS">
          <reporter-output>
          </reporter-output>
        </test-method> <!-- afterTest -->
      </class> <!-- com.seleniumtest1.seleniumtest1.NewTest -->
      <class name="com.seleniumtest1.seleniumtest1.amazondemo">
        <test-method is-config="true" signature="beforeTest()[pri:0, instance:com.seleniumtest1.seleniumtest1.amazondemo@2fb25f4c]" started-at="2021-09-08T15:35:31 IST" name="beforeTest" finished-at="2021-09-08T15:35:36 IST" duration-ms="4916" status="PASS">
          <reporter-output>
          </reporter-output>
        </test-method> <!-- beforeTest -->
        <test-method signature="testJbkTitle()[pri:0, instance:com.seleniumtest1.seleniumtest1.amazondemo@2fb25f4c]" started-at="2021-09-08T15:35:39 IST" name="testJbkTitle" finished-at="2021-09-08T15:35:48 IST" duration-ms="9453" status="PASS">
          <reporter-output>
          </reporter-output>
        </test-method> <!-- testJbkTitle -->
        <test-method signature="testJbkTitleInvalid()[pri:1, instance:com.seleniumtest1.seleniumtest1.amazondemo@2fb25f4c]" started-at="2021-09-08T15:35:48 IST" name="testJbkTitleInvalid" finished-at="2021-09-08T15:35:49 IST" duration-ms="903" status="PASS">
          <reporter-output>
          </reporter-output>
        </test-method> <!-- testJbkTitleInvalid -->
        <test-method signature="testJbkTitlesubmit()[pri:2, instance:com.seleniumtest1.seleniumtest1.amazondemo@2fb25f4c]" started-at="2021-09-08T15:35:49 IST" name="testJbkTitlesubmit" finished-at="2021-09-08T15:36:01 IST" duration-ms="11780" status="PASS">
          <reporter-output>
          </reporter-output>
        </test-method> <!-- testJbkTitlesubmit -->
        <test-method signature="testJbkTitlecheck()[pri:3, instance:com.seleniumtest1.seleniumtest1.amazondemo@2fb25f4c]" started-at="2021-09-08T15:36:01 IST" name="testJbkTitlecheck" finished-at="2021-09-08T15:36:02 IST" duration-ms="648" status="PASS">
          <reporter-output>
          </reporter-output>
        </test-method> <!-- testJbkTitlecheck -->
        <test-method signature="testJbkTitlescroll()[pri:3, instance:com.seleniumtest1.seleniumtest1.amazondemo@2fb25f4c]" started-at="2021-09-08T15:36:02 IST" name="testJbkTitlescroll" finished-at="2021-09-08T15:36:12 IST" duration-ms="10554" status="PASS">
          <reporter-output>
          </reporter-output>
        </test-method> <!-- testJbkTitlescroll -->
        <test-method is-config="true" signature="afterTest()[pri:0, instance:com.seleniumtest1.seleniumtest1.amazondemo@2fb25f4c]" started-at="2021-09-08T15:36:24 IST" name="afterTest" finished-at="2021-09-08T15:36:28 IST" duration-ms="3482" status="PASS">
          <reporter-output>
          </reporter-output>
        </test-method> <!-- afterTest -->
      </class> <!-- com.seleniumtest1.seleniumtest1.amazondemo -->
      <class name="com.seleniumtest1.seleniumtest1.googledemo">
        <test-method is-config="true" signature="beforeTest()[pri:0, instance:com.seleniumtest1.seleniumtest1.googledemo@de81be1]" started-at="2021-09-08T15:35:36 IST" name="beforeTest" finished-at="2021-09-08T15:35:39 IST" duration-ms="2578" status="PASS">
          <reporter-output>
          </reporter-output>
        </test-method> <!-- beforeTest -->
        <test-method signature="testJbkTitle()[pri:0, instance:com.seleniumtest1.seleniumtest1.googledemo@de81be1]" started-at="2021-09-08T15:36:12 IST" name="testJbkTitle" finished-at="2021-09-08T15:36:24 IST" duration-ms="12072" status="PASS">
          <reporter-output>
          </reporter-output>
        </test-method> <!-- testJbkTitle -->
        <test-method is-config="true" signature="afterTest()[pri:0, instance:com.seleniumtest1.seleniumtest1.googledemo@de81be1]" started-at="2021-09-08T15:36:28 IST" name="afterTest" finished-at="2021-09-08T15:36:30 IST" duration-ms="1777" status="PASS">
          <reporter-output>
          </reporter-output>
        </test-method> <!-- afterTest -->
      </class> <!-- com.seleniumtest1.seleniumtest1.googledemo -->
    </test> <!-- Default test -->
  </suite> <!-- Default suite -->
</testng-results>
